2011-03-27 14:31:20 Debug: Notice (1024): Please change the value of 'Security.salt' in app/config/core.php to a salt value specific to your application in [C:\xampp\htdocs\cake\cake\libs\debugger.php, line 684]
2011-03-27 14:31:20 Debug: Notice (1024): Please change the value of 'Security.cipherSeed' in app/config/core.php to a numeric (digits only) seed value specific to your application in [C:\xampp\htdocs\cake\cake\libs\debugger.php, line 688]
2011-03-27 14:34:47 Debug: Notice (1024): Please change the value of 'Security.salt' in app/config/core.php to a salt value specific to your application in [C:\xampp\htdocs\cake\cake\libs\debugger.php, line 684]
2011-03-27 14:34:47 Debug: Notice (1024): Please change the value of 'Security.cipherSeed' in app/config/core.php to a numeric (digits only) seed value specific to your application in [C:\xampp\htdocs\cake\cake\libs\debugger.php, line 688]
2011-03-27 14:35:12 Debug: Notice (1024): Please change the value of 'Security.salt' in app/config/core.php to a salt value specific to your application in [C:\xampp\htdocs\cake\cake\libs\debugger.php, line 684]
2011-03-27 14:35:12 Debug: Notice (1024): Please change the value of 'Security.cipherSeed' in app/config/core.php to a numeric (digits only) seed value specific to your application in [C:\xampp\htdocs\cake\cake\libs\debugger.php, line 688]
2011-03-27 14:55:41 Debug: Notice (1024): Please change the value of 'Security.salt' in app/config/core.php to a salt value specific to your application in [C:\xampp\htdocs\cake\cake\libs\debugger.php, line 684]
2011-03-27 14:55:41 Debug: Notice (1024): Please change the value of 'Security.cipherSeed' in app/config/core.php to a numeric (digits only) seed value specific to your application in [C:\xampp\htdocs\cake\cake\libs\debugger.php, line 688]
2011-03-27 14:55:41 Debug: Notice (1024): Please change the value of 'Security.salt' in app/config/core.php to a salt value specific to your application in [C:\xampp\htdocs\cake\cake\libs\debugger.php, line 684]
2011-03-27 14:55:41 Debug: Notice (1024): Please change the value of 'Security.cipherSeed' in app/config/core.php to a numeric (digits only) seed value specific to your application in [C:\xampp\htdocs\cake\cake\libs\debugger.php, line 688]
2011-03-27 15:01:00 Debug: Notice (1024): Please change the value of 'Security.salt' in app/config/core.php to a salt value specific to your application in [C:\xampp\htdocs\cake\cake\libs\debugger.php, line 684]
2011-03-27 15:01:00 Debug: Notice (1024): Please change the value of 'Security.cipherSeed' in app/config/core.php to a numeric (digits only) seed value specific to your application in [C:\xampp\htdocs\cake\cake\libs\debugger.php, line 688]
2011-03-27 15:01:01 Debug: Notice (1024): Please change the value of 'Security.salt' in app/config/core.php to a salt value specific to your application in [C:\xampp\htdocs\cake\cake\libs\debugger.php, line 684]
2011-03-27 15:01:01 Debug: Notice (1024): Please change the value of 'Security.cipherSeed' in app/config/core.php to a numeric (digits only) seed value specific to your application in [C:\xampp\htdocs\cake\cake\libs\debugger.php, line 688]
2011-03-27 15:01:11 Debug: Notice (1024): Please change the value of 'Security.salt' in app/config/core.php to a salt value specific to your application in [C:\xampp\htdocs\cake\cake\libs\debugger.php, line 684]
2011-03-27 15:01:11 Debug: Notice (1024): Please change the value of 'Security.cipherSeed' in app/config/core.php to a numeric (digits only) seed value specific to your application in [C:\xampp\htdocs\cake\cake\libs\debugger.php, line 688]
2011-03-27 15:01:53 Debug: Notice (1024): Please change the value of 'Security.salt' in app/config/core.php to a salt value specific to your application in [C:\xampp\htdocs\cake\cake\libs\debugger.php, line 684]
2011-03-27 15:01:53 Debug: Notice (1024): Please change the value of 'Security.cipherSeed' in app/config/core.php to a numeric (digits only) seed value specific to your application in [C:\xampp\htdocs\cake\cake\libs\debugger.php, line 688]
2011-04-04 20:03:37 Debug: Notice (8): Undefined index: name in [C:\xampp\htdocs\cake1\views\vendors\index.ctp, line 3]
2011-04-04 20:03:37 Debug: Notice (8): Undefined index: location in [C:\xampp\htdocs\cake1\views\vendors\index.ctp, line 3]
2011-04-04 20:03:37 Debug: Notice (8): Undefined index: website in [C:\xampp\htdocs\cake1\views\vendors\index.ctp, line 3]
2011-04-04 20:04:10 Debug: Notice (8): Undefined index: name in [C:\xampp\htdocs\cake1\views\vendors\index.ctp, line 3]
2011-04-04 20:04:10 Debug: Notice (8): Undefined index: location in [C:\xampp\htdocs\cake1\views\vendors\index.ctp, line 4]
2011-04-04 20:04:10 Debug: Notice (8): Undefined index: website in [C:\xampp\htdocs\cake1\views\vendors\index.ctp, line 5]
2011-04-04 20:04:40 Debug: Notice (8): Undefined index: name in [C:\xampp\htdocs\cake1\views\vendors\index.ctp, line 4]
2011-04-04 20:04:40 Debug: Notice (8): Undefined index: location in [C:\xampp\htdocs\cake1\views\vendors\index.ctp, line 5]
2011-04-04 20:04:40 Debug: Notice (8): Undefined index: website in [C:\xampp\htdocs\cake1\views\vendors\index.ctp, line 6]
2011-04-05 09:21:16 Debug: Notice (8): Undefined variable: vendors in [C:\xampp\htdocs\cake1\controllers\vendors_controller.php, line 20]
2011-04-05 09:21:16 Debug: Notice (8): Undefined variable: vendors in [C:\xampp\htdocs\cake1\controllers\vendors_controller.php, line 20]
2011-04-05 09:21:42 Debug: Notice (8): Undefined variable: vendors in [C:\xampp\htdocs\cake1\controllers\vendors_controller.php, line 21]
2011-04-05 09:29:04 Debug: Notice (8): Undefined variable: vendor in [C:\xampp\htdocs\cake1\views\vendors\admin_edit.ctp, line 3]
2011-04-05 09:29:04 Debug: Notice (8): Undefined variable: vendor in [C:\xampp\htdocs\cake1\views\vendors\admin_edit.ctp, line 5]
2011-04-05 09:29:04 Debug: Notice (8): Undefined variable: vendor in [C:\xampp\htdocs\cake1\views\vendors\admin_edit.ctp, line 7]
2011-04-05 09:29:33 Debug: Notice (8): Undefined variable: vendor in [C:\xampp\htdocs\cake1\views\vendors\admin_edit.ctp, line 3]
2011-04-05 09:29:33 Debug: Notice (8): Undefined variable: vendor in [C:\xampp\htdocs\cake1\views\vendors\admin_edit.ctp, line 5]
2011-04-05 09:29:33 Debug: Notice (8): Undefined variable: vendor in [C:\xampp\htdocs\cake1\views\vendors\admin_edit.ctp, line 7]
2011-04-05 09:39:10 Debug: Notice (8): Undefined variable: vendor in [C:\xampp\htdocs\cake1\controllers\vendors_controller.php, line 30]
2011-04-05 09:41:55 Debug: Notice (8): Undefined variable: vendor in [C:\xampp\htdocs\cake1\controllers\vendors_controller.php, line 30]
2011-04-05 13:40:27 Debug: Notice (8): Undefined index: name in [C:\xampp\htdocs\cake1\controllers\products_controller.php, line 11]
2011-04-05 13:40:27 Debug: Notice (8): Undefined index: location in [C:\xampp\htdocs\cake1\controllers\products_controller.php, line 11]
2011-04-05 13:40:27 Debug: Notice (8): Undefined index: schedule_id in [C:\xampp\htdocs\cake1\controllers\products_controller.php, line 11]
2011-04-05 14:01:48 Debug: Notice (8): Undefined property: ProductsController::$Schedule in [C:\xampp\htdocs\cake1\controllers\products_controller.php, line 11]
2011-04-05 14:38:23 Debug: Notice (8): Undefined offset: 1 in [C:\xampp\htdocs\cake1\views\products\index.ctp, line 6]
2011-04-05 14:38:23 Debug: Notice (8): Undefined offset: 2 in [C:\xampp\htdocs\cake1\views\products\index.ctp, line 6]
2011-04-05 16:00:05 Debug: Notice (8): Undefined offset: 1 in [C:\xampp\htdocs\cake1\views\products\index.ctp, line 24]
2011-04-05 16:00:05 Debug: Notice (8): Undefined offset: 2 in [C:\xampp\htdocs\cake1\views\products\index.ctp, line 24]
2011-04-05 16:01:45 Debug: Notice (8): Undefined offset: 1 in [C:\xampp\htdocs\cake1\views\products\index.ctp, line 24]
2011-04-05 16:01:45 Debug: Notice (8): Undefined offset: 2 in [C:\xampp\htdocs\cake1\views\products\index.ctp, line 24]
2011-04-05 16:13:56 Debug: Notice (8): Undefined offset: 1 in [C:\xampp\htdocs\cake1\views\products\index.ctp, line 24]
2011-04-05 16:13:56 Debug: Notice (8): Undefined offset: 2 in [C:\xampp\htdocs\cake1\views\products\index.ctp, line 24]
2011-04-05 16:16:29 Debug: Notice (8): Undefined offset: 1 in [C:\xampp\htdocs\cake1\views\products\index.ctp, line 24]
2011-04-05 16:16:29 Debug: Notice (8): Undefined offset: 2 in [C:\xampp\htdocs\cake1\views\products\index.ctp, line 24]
2011-04-05 16:16:42 Debug: Notice (8): Undefined offset: 1 in [C:\xampp\htdocs\cake1\views\products\index.ctp, line 24]
2011-04-05 16:16:42 Debug: Notice (8): Undefined offset: 2 in [C:\xampp\htdocs\cake1\views\products\index.ctp, line 24]
2011-04-05 16:18:08 Debug: Notice (8): Undefined variable: items in [C:\xampp\htdocs\cake1\views\products\index.ctp, line 3]
2011-04-05 16:18:08 Debug: Notice (8): Undefined variable: options in [C:\xampp\htdocs\cake1\views\products\index.ctp, line 11]
2011-04-05 16:18:08 Debug: Notice (8): Undefined offset: 1 in [C:\xampp\htdocs\cake1\views\products\index.ctp, line 26]
2011-04-05 16:18:08 Debug: Notice (8): Undefined offset: 2 in [C:\xampp\htdocs\cake1\views\products\index.ctp, line 26]
2011-04-05 16:19:26 Debug: Notice (8): Undefined variable: foods in [C:\xampp\htdocs\cake1\views\products\index.ctp, line 5]
2011-04-05 16:19:26 Debug: Notice (8): Undefined variable: options in [C:\xampp\htdocs\cake1\views\products\index.ctp, line 11]
2011-04-05 16:19:26 Debug: Notice (8): Undefined offset: 1 in [C:\xampp\htdocs\cake1\views\products\index.ctp, line 26]
2011-04-05 16:19:26 Debug: Notice (8): Undefined offset: 2 in [C:\xampp\htdocs\cake1\views\products\index.ctp, line 26]
2011-04-05 16:22:41 Debug: Notice (8): Undefined offset: 1 in [C:\xampp\htdocs\cake1\views\products\index.ctp, line 26]
2011-04-05 16:22:41 Debug: Notice (8): Undefined offset: 2 in [C:\xampp\htdocs\cake1\views\products\index.ctp, line 26]
2011-04-05 16:23:22 Debug: Notice (8): Undefined offset: 1 in [C:\xampp\htdocs\cake1\views\products\index.ctp, line 26]
2011-04-05 16:23:22 Debug: Notice (8): Undefined offset: 2 in [C:\xampp\htdocs\cake1\views\products\index.ctp, line 26]
2011-04-05 16:24:10 Debug: Notice (8): Undefined offset: 1 in [C:\xampp\htdocs\cake1\views\products\index.ctp, line 26]
2011-04-05 16:24:10 Debug: Notice (8): Undefined offset: 2 in [C:\xampp\htdocs\cake1\views\products\index.ctp, line 26]
2011-04-05 16:31:39 Debug: Notice (8): Undefined offset: 0 in [C:\xampp\htdocs\cake1\views\products\index.ctp, line 26]
2011-04-05 16:31:39 Debug: Notice (8): Undefined offset: 2 in [C:\xampp\htdocs\cake1\views\products\index.ctp, line 26]
2011-04-05 16:31:39 Debug: Notice (8): Undefined offset: 1 in [C:\xampp\htdocs\cake1\views\products\index.ctp, line 26]
2011-04-05 16:39:24 Debug: Notice (8): Undefined variable: id in [C:\xampp\htdocs\cake1\views\products\index.ctp, line 7]
2011-04-05 16:39:24 Debug: Notice (8): Undefined variable: product in [C:\xampp\htdocs\cake1\views\products\index.ctp, line 7]
2011-04-05 16:39:49 Debug: Notice (8): Undefined variable: options in [C:\xampp\htdocs\cake1\views\products\index.ctp, line 12]
2011-04-05 16:41:43 Debug: Notice (8): Undefined variable: options in [C:\xampp\htdocs\cake1\views\products\index.ctp, line 12]
2011-04-05 16:42:26 Debug: Notice (8): Undefined variable: options in [C:\xampp\htdocs\cake1\views\products\index.ctp, line 12]
2011-04-05 20:43:04 Debug: Notice (8): Undefined variable: vendor in [C:\xampp\htdocs\cake1\controllers\products_controller.php, line 56]
2011-04-05 20:43:04 Debug: Notice (8): Undefined variable: product in [C:\xampp\htdocs\cake1\views\products\admin_edit.ctp, line 2]
2011-04-05 20:43:04 Debug: Notice (8): Undefined variable: product in [C:\xampp\htdocs\cake1\views\products\admin_edit.ctp, line 4]
2011-04-05 20:43:04 Debug: Notice (8): Undefined variable: product in [C:\xampp\htdocs\cake1\views\products\admin_edit.ctp, line 6]
2011-04-05 20:43:04 Debug: Notice (8): Undefined variable: vendor in [C:\xampp\htdocs\cake1\controllers\products_controller.php, line 56]
2011-04-05 20:43:04 Debug: Notice (8): Undefined variable: product in [C:\xampp\htdocs\cake1\views\products\admin_edit.ctp, line 2]
2011-04-05 20:43:04 Debug: Notice (8): Undefined variable: product in [C:\xampp\htdocs\cake1\views\products\admin_edit.ctp, line 4]
2011-04-05 20:43:04 Debug: Notice (8): Undefined variable: product in [C:\xampp\htdocs\cake1\views\products\admin_edit.ctp, line 6]
2011-04-07 19:12:55 Debug: Notice (8): Undefined variable: product_types in [C:\xampp\htdocs\cake1\controllers\products_controller.php, line 62]
2011-04-07 19:12:55 Debug: Notice (8): Undefined index: product_type in [C:\xampp\htdocs\cake1\views\products\admin_edit.ctp, line 7]
2011-04-07 19:13:52 Debug: Notice (8): Undefined variable: product_types in [C:\xampp\htdocs\cake1\controllers\products_controller.php, line 63]
2011-04-07 19:13:52 Debug: Notice (8): Undefined index: product_type in [C:\xampp\htdocs\cake1\views\products\admin_edit.ctp, line 7]
2011-04-07 19:14:18 Debug: Notice (8): Undefined variable: product_types in [C:\xampp\htdocs\cake1\controllers\products_controller.php, line 63]
2011-04-07 19:14:18 Debug: Notice (8): Undefined index: product_type in [C:\xampp\htdocs\cake1\views\products\admin_edit.ctp, line 7]
2011-04-07 19:18:34 Debug: Notice (8): Undefined index: product_type in [C:\xampp\htdocs\cake1\views\products\admin_edit.ctp, line 7]
2011-04-07 19:20:04 Debug: Notice (8): Undefined index: product_type in [C:\xampp\htdocs\cake1\views\products\admin_edit.ctp, line 6]
2011-04-07 19:20:46 Debug: Notice (8): Undefined index: product_type in [C:\xampp\htdocs\cake1\controllers\products_controller.php, line 53]
2011-04-07 19:21:48 Debug: Notice (8): Undefined index: product_type in [C:\xampp\htdocs\cake1\views\products\admin_edit.ctp, line 6]
2011-04-07 19:22:34 Debug: Notice (8): Undefined index: product_type in [C:\xampp\htdocs\cake1\views\products\admin_edit.ctp, line 6]
2011-04-07 19:25:04 Debug: Notice (8): Undefined index: product_type in [C:\xampp\htdocs\cake1\views\products\admin_edit.ctp, line 6]
2011-04-07 19:25:55 Debug: Notice (8): Undefined index: product_type in [C:\xampp\htdocs\cake1\views\products\admin_edit.ctp, line 6]
2011-04-07 19:26:43 Debug: Notice (8): Undefined index: product_type in [C:\xampp\htdocs\cake1\views\products\admin_edit.ctp, line 6]
2011-04-07 19:35:45 Debug: Notice (8): Undefined variable: product in [C:\xampp\htdocs\cake1\views\products\admin_add.ctp, line 3]
2011-04-07 19:35:45 Debug: Notice (8): Undefined variable: product in [C:\xampp\htdocs\cake1\views\products\admin_add.ctp, line 5]
2011-04-07 20:08:39 Debug: Notice (8): Undefined index: Product in [C:\xampp\htdocs\cake1\views\vendors\admin_edit.ctp, line 13]
2011-04-07 20:08:55 Debug: Notice (8): Undefined index: Product in [C:\xampp\htdocs\cake1\views\vendors\admin_edit.ctp, line 13]
2011-04-09 13:22:45 Debug: Notice (8): Undefined index: Product in [C:\xampp\htdocs\cake1\views\vendors\admin_edit.ctp, line 13]
2011-04-09 13:26:55 Debug: Notice (8): Undefined index: Product in [C:\xampp\htdocs\cake1\views\vendors\admin_edit.ctp, line 13]
2011-04-09 14:25:38 Debug: Notice (8): Undefined property: Product::$ProductVendor in [C:\xampp\htdocs\cake1\controllers\vendors_controller.php, line 51]
2011-04-09 14:35:07 Debug: Notice (8): Undefined variable: id in [C:\xampp\htdocs\cake1\controllers\vendors_controller.php, line 51]
2011-04-09 15:27:43 Debug: Notice (8): Undefined property: VendorsController::$_get_product_types in [C:\xampp\htdocs\cake1\controllers\vendors_controller.php, line 37]
2011-04-09 15:28:03 Debug: Notice (8): Undefined property: VendorsController::$Producttype in [C:\xampp\htdocs\cake1\controllers\vendors_controller.php, line 66]
2011-04-09 21:50:21 Debug: Notice (8): Undefined variable: active in [C:\xampp\htdocs\cake1\views\vendors\admin_edit.ctp, line 12]
