2013-05-11 15:06:42 Error: [MissingViewException] View file "/home/kris/sites/cvfm2/View/Users/login.ctp" is missing.
Exception Attributes: array (
  'file' => '/home/kris/sites/cvfm2/View/Users/login.ctp',
)
Request URL: /users/login
Stack Trace:
#0 /home/kris/sites/cakephp-2.3.5/lib/Cake/View/View.php(468): View->_getViewFileName(NULL)
#1 /home/kris/sites/cakephp-2.3.5/lib/Cake/Controller/Controller.php(948): View->render(NULL, NULL)
#2 /home/kris/sites/cakephp-2.3.5/lib/Cake/Routing/Dispatcher.php(194): Controller->render()
#3 /home/kris/sites/cakephp-2.3.5/lib/Cake/Routing/Dispatcher.php(162): Dispatcher->_invoke(Object(UsersController), Object(CakeRequest), Object(CakeResponse))
#4 /home/kris/sites/cvfm2/webroot/index.php(109): Dispatcher->dispatch(Object(CakeRequest), Object(CakeResponse))
#5 {main}
2013-05-11 15:06:48 Error: [MissingViewException] View file "/home/kris/sites/cvfm2/View/Users/login.ctp" is missing.
Exception Attributes: array (
  'file' => '/home/kris/sites/cvfm2/View/Users/login.ctp',
)
Request URL: /users/login
Stack Trace:
#0 /home/kris/sites/cakephp-2.3.5/lib/Cake/View/View.php(468): View->_getViewFileName(NULL)
#1 /home/kris/sites/cakephp-2.3.5/lib/Cake/Controller/Controller.php(948): View->render(NULL, NULL)
#2 /home/kris/sites/cakephp-2.3.5/lib/Cake/Routing/Dispatcher.php(194): Controller->render()
#3 /home/kris/sites/cakephp-2.3.5/lib/Cake/Routing/Dispatcher.php(162): Dispatcher->_invoke(Object(UsersController), Object(CakeRequest), Object(CakeResponse))
#4 /home/kris/sites/cvfm2/webroot/index.php(109): Dispatcher->dispatch(Object(CakeRequest), Object(CakeResponse))
#5 {main}
2013-05-11 15:09:20 Error: Fatal Error (1): Call to a member function flash() on a non-object in [/home/kris/sites/cvfm2/View/Users/login.ctp, line 2]
2013-05-11 15:09:20 Error: [FatalErrorException] Call to a member function flash() on a non-object
Request URL: /users/login
Stack Trace:
#0 /home/kris/sites/cakephp-2.3.5/lib/Cake/Error/ErrorHandler.php(184): ErrorHandler::handleFatalError(1, 'Call to a membe...', '/home/kris/site...', 2)
#1 [internal function]: ErrorHandler::handleError(1, 'Call to a membe...', '/home/kris/site...', 2, Array)
#2 /home/kris/sites/cakephp-2.3.5/lib/Cake/Core/App.php(926): call_user_func('ErrorHandler::h...', 1, 'Call to a membe...', '/home/kris/site...', 2, Array)
#3 /home/kris/sites/cakephp-2.3.5/lib/Cake/Core/App.php(899): App::_checkFatalError()
#4 [internal function]: App::shutdown()
#5 {main}
2013-05-11 15:09:36 Error: Fatal Error (4): syntax error, unexpected 'echo' (T_ECHO) in [/home/kris/sites/cvfm2/View/Users/login.ctp, line 3]
2013-05-11 15:09:36 Error: [FatalErrorException] syntax error, unexpected 'echo' (T_ECHO)
Request URL: /users/login
Stack Trace:
#0 /home/kris/sites/cakephp-2.3.5/lib/Cake/Error/ErrorHandler.php(184): ErrorHandler::handleFatalError(4, 'syntax error, u...', '/home/kris/site...', 3)
#1 [internal function]: ErrorHandler::handleError(4, 'syntax error, u...', '/home/kris/site...', 3, Array)
#2 /home/kris/sites/cakephp-2.3.5/lib/Cake/Core/App.php(926): call_user_func('ErrorHandler::h...', 4, 'syntax error, u...', '/home/kris/site...', 3, Array)
#3 /home/kris/sites/cakephp-2.3.5/lib/Cake/Core/App.php(899): App::_checkFatalError()
#4 [internal function]: App::shutdown()
#5 {main}
2013-05-11 15:17:01 Error: [MissingControllerException] Controller class CssController could not be found.
Exception Attributes: array (
  'class' => 'CssController',
  'plugin' => NULL,
)
Request URL: /css/images/background1.png
Stack Trace:
#0 /home/kris/sites/cvfm2/webroot/index.php(109): Dispatcher->dispatch(Object(CakeRequest), Object(CakeResponse))
#1 {main}
2013-05-11 15:18:18 Error: [MissingControllerException] Controller class CssController could not be found.
Exception Attributes: array (
  'class' => 'CssController',
  'plugin' => NULL,
)
Request URL: /css/images/background1.png
Stack Trace:
#0 /home/kris/sites/cvfm2/webroot/index.php(109): Dispatcher->dispatch(Object(CakeRequest), Object(CakeResponse))
#1 {main}
2013-05-11 15:19:47 Error: [MissingControllerException] Controller class AdminController could not be found.
Exception Attributes: array (
  'class' => 'AdminController',
  'plugin' => NULL,
)
Request URL: /admin
Stack Trace:
#0 /home/kris/sites/cvfm2/webroot/index.php(109): Dispatcher->dispatch(Object(CakeRequest), Object(CakeResponse))
#1 {main}
2013-05-11 15:22:24 Error: [MissingActionException] Action UsersController::admin_login() could not be found.
Exception Attributes: array (
  'controller' => 'UsersController',
  'action' => 'admin_login',
)
Request URL: /admin/users/login
Stack Trace:
#0 /home/kris/sites/cakephp-2.3.5/lib/Cake/Routing/Dispatcher.php(187): Controller->invokeAction(Object(CakeRequest))
#1 /home/kris/sites/cakephp-2.3.5/lib/Cake/Routing/Dispatcher.php(162): Dispatcher->_invoke(Object(UsersController), Object(CakeRequest), Object(CakeResponse))
#2 /home/kris/sites/cvfm2/webroot/index.php(109): Dispatcher->dispatch(Object(CakeRequest), Object(CakeResponse))
#3 {main}
2013-05-11 15:22:48 Error: [MissingActionException] Action UsersController::admin_login() could not be found.
Exception Attributes: array (
  'controller' => 'UsersController',
  'action' => 'admin_login',
)
Request URL: /admin/users/login
Stack Trace:
#0 /home/kris/sites/cakephp-2.3.5/lib/Cake/Routing/Dispatcher.php(187): Controller->invokeAction(Object(CakeRequest))
#1 /home/kris/sites/cakephp-2.3.5/lib/Cake/Routing/Dispatcher.php(162): Dispatcher->_invoke(Object(UsersController), Object(CakeRequest), Object(CakeResponse))
#2 /home/kris/sites/cvfm2/webroot/index.php(109): Dispatcher->dispatch(Object(CakeRequest), Object(CakeResponse))
#3 {main}
